Wed Dec 18 18:04:10 2024       
+-----------------------------------------------------------------------------------------+
| NVIDIA-SMI 565.57.01              Driver Version: 565.57.01      CUDA Version: 12.7     |
|-----------------------------------------+------------------------+----------------------+
| GPU  Name                 Persistence-M | Bus-Id          Disp.A | Volatile Uncorr. ECC |
| Fan  Temp   Perf          Pwr:Usage/Cap |           Memory-Usage | GPU-Util  Compute M. |
|                                         |                        |               MIG M. |
|=========================================+========================+======================|
|   0  Tesla V100-PCIE-32GB           On  |   00000000:D8:00.0 Off |                    0 |
| N/A   27C    P0             24W /  250W |       1MiB /  32768MiB |      0%   E. Process |
|                                         |                        |                  N/A |
+-----------------------------------------+------------------------+----------------------+
                                                                                         
+-----------------------------------------------------------------------------------------+
| Processes:                                                                              |
|  GPU   GI   CI        PID   Type   Process name                              GPU Memory |
|        ID   ID                                                               Usage      |
|=========================================================================================|
|  No running processes found                                                             |
+-----------------------------------------------------------------------------------------+
Warning: ['model_args', 'hidden_size'] is not a list; must be for hparam search
Warning: ['model_args', 'num_layers'] is not a list; must be for hparam search
Removed /work3/s194262/GitHub/fault_management_uds/models/lstm/rain_event_priority=100_241218_1801

##################################################
EXPERIMENT 1/1
Save folder: /work3/s194262/GitHub/fault_management_uds/models/lstm/hidden_size=64_num_layers=2_241218_1804

Hyperparameters: {'model_args/hidden_size': 64, 'model_args/num_layers': 2}
##################################################

Validity: 94418 minutes are invalid.
Data validation passed.
Model does not have additional configurations.
Using CUDA
Sanity Checking: |          | 0/? [00:00<?, ?it/s]Sanity Checking:   0%|          | 0/2 [00:00<?, ?it/s]Sanity Checking DataLoader 0:   0%|          | 0/2 [00:00<?, ?it/s]Sanity Checking DataLoader 0: 100%|██████████| 2/2 [00:00<00:00, 23.89it/s]                                                                           Training: |          | 0/? [00:00<?, ?it/s]Training:   0%|          | 0/62089 [00:00<?, ?it/s]Epoch 0:   0%|          | 0/62089 [00:00<?, ?it/s] Epoch 0:   0%|          | 0/62089 [00:30<?, ?it/s]
------------------------------------------------------------
Sender: LSF System <lsfadmin@hpc.dtu.dk>
Subject: Job 23475919: <lstm> in cluster <dcc> Exited

Job <lstm> was submitted from host <hpclogin1> by user <s194262> in cluster <dcc> at Wed Dec 18 18:04:07 2024
Job was executed on host(s) <4*n-62-11-16>, in queue <gpuv100>, as user <s194262> in cluster <dcc> at Wed Dec 18 18:04:09 2024
</zhome/96/8/147177> was used as the home directory.
</work3/s194262/GitHub/fault_management_uds> was used as the working directory.
Started at Wed Dec 18 18:04:09 2024
Terminated at Wed Dec 18 18:05:23 2024
Results reported at Wed Dec 18 18:05:23 2024

Your job looked like:

------------------------------------------------------------
# LSBATCH: User input
#!/bin/sh 

### -- set the job Name --
#BSUB -J lstm
### -- specify files --
#BSUB -o /work3/s194262/GitHub/fault_management_uds/hpc_logs/%J-lstm.out
#BSUB -e /work3/s194262/GitHub/fault_management_uds/hpc_logs/%J-lstm.err

### General options
### –- specify queue --
#BSUB -q gpuv100
### -- ask for number of cores (default: 1) --
#BSUB -n 4
### -- Select the resources: 1 gpu in exclusive process mode --
#BSUB -gpu "num=1:mode=exclusive_process"
### -- set walltime limit: hh:mm --  maximum 24 hours for GPU-queues right now
#BSUB -W 24:00
### -- request _ GB of system-memory --
#BSUB -R "rusage[mem=4GB]"
#BSUB -R "span[hosts=1]"


nvidia-smi
module load cuda/11.8

source /work3/s194262/thesis/bin/activate

cd /work3/s194262/GitHub/fault_management_uds

python fault_management_uds/main.py --config "lstm/design_1.yaml" --num_workers 0



------------------------------------------------------------

Exited with exit code 1.

Resource usage summary:

    CPU time :                                   49.00 sec.
    Max Memory :                                 276 MB
    Average Memory :                             276.00 MB
    Total Requested Memory :                     16384.00 MB
    Delta Memory :                               16108.00 MB
    Max Swap :                                   -
    Max Processes :                              4
    Max Threads :                                7
    Run time :                                   91 sec.
    Turnaround time :                            76 sec.

The output (if any) is above this job summary.



PS:

Read file </work3/s194262/GitHub/fault_management_uds/hpc_logs/23475919-lstm.err> for stderr output of this job.

